

Version:	3.14
CmdLine:	C:\Users\mihir\Downloads\project3exe\finalproject.exe --l4j-debug
WOW64:		yes
Working dir:	C:\Users\mihir\Downloads\project3exe\.
Java min ver:	1.013.000
Java max ver:	1.015.000
64-bit search:	SOFTWARE\JavaSoft\Java Development Kit...
32-bit search:	SOFTWARE\JavaSoft\Java Development Kit...
64-bit search:	SOFTWARE\JavaSoft\Java Runtime Environment...
Check:		SOFTWARE\JavaSoft\Java Runtime Environment\1.8
Ignore:		1.008.000
Check:		SOFTWARE\JavaSoft\Java Runtime Environment\1.8.0_281
Ignore:		1.008.000_281
32-bit search:	SOFTWARE\JavaSoft\Java Runtime Environment...
64-bit search:	SOFTWARE\JavaSoft\JDK...
Check:		SOFTWARE\JavaSoft\JDK\15.0.2
Ignore:		1.015.000_002
32-bit search:	SOFTWARE\JavaSoft\JDK...
64-bit search:	SOFTWARE\JavaSoft\JRE...
32-bit search:	SOFTWARE\JavaSoft\JRE...
64-bit search:	SOFTWARE\IBM\Java Development Kit...
32-bit search:	SOFTWARE\IBM\Java Development Kit...
64-bit search:	SOFTWARE\IBM\Java Runtime Environment...
32-bit search:	SOFTWARE\IBM\Java Runtime Environment...
64-bit search:	SOFTWARE\IBM\Java Development Kit...
32-bit search:	SOFTWARE\IBM\Java Development Kit...
64-bit search:	SOFTWARE\IBM\Java2 Runtime Environment...
32-bit search:	SOFTWARE\IBM\Java2 Runtime Environment...
Bundled JRE(s):	C:\Program Files\Java\jdk-15.0.2\bin
Check launcher:	C:\Program Files\Java\jdk-15.0.2\bin\javaw.exe (OK)
Launcher:	C:\Program Files\Java\jdk-15.0.2\bin\javaw.exe
Launcher args:	-jar "C:\Users\mihir\Downloads\project3exe\finalproject.exe"
Args length:	60/32768 chars
Exit code:	0


Version:	3.14
CmdLine:	C:\Users\mihir\Downloads\project3exe\finalproject.exe --l4j-debug
WOW64:		yes
Working dir:	C:\Users\mihir\Downloads\project3exe\.
Java min ver:	1.013.000
Java max ver:	1.015.000
64-bit search:	SOFTWARE\JavaSoft\Java Development Kit...
32-bit search:	SOFTWARE\JavaSoft\Java Development Kit...
64-bit search:	SOFTWARE\JavaSoft\Java Runtime Environment...
Check:		SOFTWARE\JavaSoft\Java Runtime Environment\1.8
Ignore:		1.008.000
Check:		SOFTWARE\JavaSoft\Java Runtime Environment\1.8.0_281
Ignore:		1.008.000_281
32-bit search:	SOFTWARE\JavaSoft\Java Runtime Environment...
64-bit search:	SOFTWARE\JavaSoft\JDK...
Check:		SOFTWARE\JavaSoft\JDK\15.0.2
Ignore:		1.015.000_002
32-bit search:	SOFTWARE\JavaSoft\JDK...
64-bit search:	SOFTWARE\JavaSoft\JRE...
32-bit search:	SOFTWARE\JavaSoft\JRE...
64-bit search:	SOFTWARE\IBM\Java Development Kit...
32-bit search:	SOFTWARE\IBM\Java Development Kit...
64-bit search:	SOFTWARE\IBM\Java Runtime Environment...
32-bit search:	SOFTWARE\IBM\Java Runtime Environment...
64-bit search:	SOFTWARE\IBM\Java Development Kit...
32-bit search:	SOFTWARE\IBM\Java Development Kit...
64-bit search:	SOFTWARE\IBM\Java2 Runtime Environment...
32-bit search:	SOFTWARE\IBM\Java2 Runtime Environment...
Bundled JRE(s):	C:\Program Files\Java\jdk-15.0.2\bin
Check launcher:	C:\Program Files\Java\jdk-15.0.2\bin\javaw.exe (OK)
Launcher:	C:\Program Files\Java\jdk-15.0.2\bin\javaw.exe
Launcher args:	-jar "C:\Users\mihir\Downloads\project3exe\finalproject.exe"
Args length:	60/32768 chars
Exit code:	0
